
🚀 ============================================
🚀  Mog.ai Backend API Server
🚀 ============================================
🚀  Server running on: http://localhost:3000
🚀  Environment: development
🚀  Health check: http://localhost:3000/health
🚀 ============================================

📡 Available endpoints:
   POST /api/auth/signup
   POST /api/auth/verify
   POST /api/auth/login
   GET  /api/user/profile
   POST /api/scan/upload
   POST /api/nutrition/log
   GET  /api/workout/plan
   GET  /api/leaderboard

(node:16390) NOTE: The AWS SDK for JavaScript (v2) has reached end-of-support.
It will no longer receive updates or releases.

Please migrate your code to use AWS SDK for JavaScript (v3).
For more information, check the blog post at https://a.co/cUPnyil
(Use `node --trace-warnings ...` to show where the warning was created)
